<?xml version="1.0" encoding="UTF-8"?>
<!-- Generated by org.testng.reporters.JUnitReportReporter -->
<testsuite skipped="0" hostname="GYANESH-PC" name="com.logicinvoice.scripts.TerstLogin" tests="1" failures="0" timestamp="03 Apr 2018 19:00:59 GMT" time="14.654" errors="0">
  <testcase name="testLogin" time="14.654" classname="com.logicinvoice.scripts.TerstLogin"/>
</testsuite> <!-- com.logicinvoice.scripts.TerstLogin -->
